producer_class	xtools.gsea.GseaPreranked
producer_timestamp	1617492650837
param	rpt_label	analysis_
param	rnd_seed	12345
param	set_min	15
param	zip_report	false
param	create_svgs	false
param	scoring_scheme	weighted
param	rnk	/Users/ju.chu/Documents/BCB420/BCB420/data/ER_ranked_genelist.rnk
param	norm	meandiv
param	out	/Users/ju.chu/Documents/BCB420/BCB420
param	mode	Max_probe
param	include_only_symbols	true
param	help	false
param	set_max	200
param	gmx	./data/Human_GOBP_AllPathways_no_GO_iea_March_01_2021_symbol.gmt
param	make_sets	true
param	plot_top_x	20
param	gui	false
param	nperm	1000
param	collapse	No_Collapse

file	/Users/ju.chu/Documents/BCB420/BCB420/analysis_.GseaPreranked.1617492650837/index.html
